TN:
SF:src/Holding.sol
FN:74,Holding.init
FNDA:30034,Holding.init
DA:75,30033
DA:75,30033
FN:89,Holding.unstake
FNDA:2,Holding.unstake
DA:90,2
DA:90,2
DA:91,2
DA:91,2
FN:106,Holding.genericCall
FNDA:30027,Holding.genericCall
DA:117,30027
DA:117,30027
FNF:3
FNH:3
LF:4
LH:4
BRF:0
BRH:0
end_of_record
TN:
SF:src/HoldingManager.sol
FN:94,HoldingManager.setInvocationAllowance
FNDA:30028,HoldingManager.setInvocationAllowance
DA:105,30028
DA:105,30028
DA:106,30028
DA:106,30028
DA:106,30028
BRDA:106,0,0,10009
BRDA:106,0,1,20019
DA:106,10009
DA:109,20019
DA:109,20019
DA:112,20019
DA:112,20019
DA:115,20019
DA:115,20019
FN:128,HoldingManager.createHolding
FNDA:30033,HoldingManager.createHolding
DA:130,30033
DA:130,30033
DA:132,30033
DA:132,30033
DA:135,30033
DA:135,30033
DA:138,30033
DA:138,30033
FN:149,HoldingManager.unstake
FNDA:2,HoldingManager.unstake
DA:159,2
DA:159,2
FN:182,HoldingManager.invokeHolding
FNDA:50045,HoldingManager.invokeHolding
DA:197,40036
DA:197,40036
BRDA:197,1,0,10009
BRDA:197,1,1,30027
DA:198,10009
DA:198,10009
DA:202,30027
DA:202,30027
DA:204,30027
BRDA:204,2,0,20018
BRDA:204,2,1,30027
DA:204,20018
FN:220,HoldingManager.setHoldingImplementationReference
FNDA:20019,HoldingManager.setHoldingImplementationReference
DA:226,10009
DA:226,10009
DA:227,10009
DA:227,10009
FN:234,HoldingManager.beginDefaultAdminTransfer
FNDA:10011,HoldingManager.beginDefaultAdminTransfer
DA:239,2
DA:239,2
DA:239,2
BRDA:239,3,0,1
BRDA:239,3,1,1
DA:239,1
DA:240,1
DA:240,1
FN:250,HoldingManager.getUserHolding
FNDA:16,HoldingManager.getUserHolding
DA:251,16
DA:251,16
FN:263,HoldingManager.getInvocationAllowance
FNDA:50045,HoldingManager.getInvocationAllowance
DA:273,50045
DA:273,50045
FNF:8
FNH:8
LF:20
LH:20
BRF:8
BRH:8
end_of_record
TN:
SF:src/JigsawPoints.sol
FN:41,JigsawPoints.mint
FNDA:30027,JigsawPoints.mint
DA:42,20018
DA:42,20018
FN:48,JigsawPoints.burnFrom
FNDA:20019,JigsawPoints.burnFrom
DA:49,10009
DA:49,10009
FN:55,JigsawPoints.beginDefaultAdminTransfer
FNDA:10011,JigsawPoints.beginDefaultAdminTransfer
DA:60,2
DA:60,2
DA:60,2
BRDA:60,0,0,1
BRDA:60,0,1,1
DA:60,1
DA:61,1
DA:61,1
FNF:3
FNH:3
LF:4
LH:4
BRF:2
BRH:2
end_of_record
TN:
SF:src/Staker.sol
FN:168,Staker.deposit
FNDA:90069,Staker.deposit
DA:180,90066
DA:180,90066
DA:180,90066
DA:181,90066
DA:181,90066
BRDA:181,0,0,1
BRDA:181,0,1,90065
DA:181,1
DA:184,90065
DA:184,90065
DA:184,90065
BRDA:184,1,0,1
BRDA:184,1,1,90064
DA:184,1
DA:185,90064
DA:185,90064
DA:187,90064
DA:187,90064
DA:188,90064
DA:188,90064
FN:198,Staker.exit
FNDA:30023,Staker.exit
DA:199,30022
DA:199,30022
DA:201,30022
DA:201,30022
BRDA:201,2,0,30021
BRDA:201,2,1,30022
DA:202,30021
DA:202,30021
FN:213,Staker.withdraw
FNDA:40030,Staker.withdraw
DA:223,40029
DA:223,40029
DA:224,40029
DA:224,40029
DA:225,40029
DA:225,40029
FN:235,Staker.claimRewards
FNDA:30025,Staker.claimRewards
DA:236,30025
DA:236,30025
DA:237,30025
DA:237,30025
BRDA:237,3,0,1
BRDA:237,3,1,30024
DA:237,1
DA:239,30024
DA:239,30024
DA:240,30024
DA:240,30024
DA:241,30024
DA:241,30024
FN:250,Staker.setRewardsDuration
FNDA:20020,Staker.setRewardsDuration
DA:251,10011
DA:251,10011
BRDA:251,4,0,1
BRDA:251,4,1,10010
DA:251,1
DA:252,10010
DA:252,10010
DA:253,10010
DA:253,10010
FN:264,Staker.addRewards
FNDA:110085,Staker.addRewards
DA:275,100075
DA:275,100075
DA:277,100075
DA:277,100075
DA:278,100075
DA:278,100075
BRDA:278,5,0,1
BRDA:278,5,1,100074
DA:278,1
DA:279,100074
DA:279,100074
BRDA:279,6,0,10005
BRDA:279,6,1,90069
DA:280,10005
DA:280,10005
DA:282,90069
DA:282,90069
DA:282,90069
DA:283,90069
DA:283,90069
DA:283,90069
DA:284,90069
DA:284,90069
DA:287,100074
DA:287,100074
BRDA:287,7,0,10005
BRDA:287,7,1,90069
DA:287,10005
DA:289,90069
DA:289,90069
DA:289,90069
DA:290,90069
DA:290,90069
BRDA:290,8,0,-
BRDA:290,8,1,90069
DA:290,0
DA:292,90069
DA:292,90069
DA:293,90069
DA:293,90069
DA:294,90069
DA:294,90069
FN:300,Staker.pause
FNDA:10011,Staker.pause
DA:301,2
DA:301,2
FN:307,Staker.unpause
FNDA:1,Staker.unpause
DA:308,1
DA:308,1
FN:315,Staker.renounceOwnership
FNDA:1,Staker.renounceOwnership
DA:316,1
DA:316,1
FN:324,Staker.totalSupply
FNDA:50031,Staker.totalSupply
DA:325,50031
DA:325,50031
FN:332,Staker.balanceOf
FNDA:40032,Staker.balanceOf
DA:333,40032
DA:333,40032
FN:339,Staker.lastTimeRewardApplicable
FNDA:1,Staker.lastTimeRewardApplicable
DA:340,430325
DA:340,430325
DA:340,430325
FN:346,Staker.rewardPerToken
FNDA:30018,Staker.rewardPerToken
DA:347,470356
DA:347,470356
BRDA:347,9,0,300229
BRDA:347,9,1,170127
DA:348,300229
DA:348,300229
DA:351,170127
DA:351,170127
DA:352,170127
DA:352,170127
FN:359,Staker.earned
FNDA:20019,Staker.earned
DA:360,180141
DA:360,180141
DA:361,180141
DA:361,180141
FN:367,Staker.getRewardForDuration
FNDA:10005,Staker.getRewardForDuration
DA:368,10005
DA:368,10005
DA:368,10005
FNF:15
FNH:15
LF:47
LH:47
BRF:20
BRH:19
end_of_record
TN:
SF:src/StakingManager.sol
FN:154,StakingManager.stake
FNDA:6,StakingManager.stake
DA:156,6
DA:156,6
DA:156,6
DA:157,6
DA:157,6
DA:157,6
BRDA:157,0,0,-
BRDA:157,0,1,5
DA:157,5
DA:160,6
DA:160,6
DA:163,6
DA:163,6
DA:165,6
DA:165,6
DA:168,6
DA:168,6
DA:170,6
DA:170,6
FN:186,StakingManager.unstake
FNDA:4,StakingManager.unstake
DA:188,4
DA:188,4
BRDA:188,1,0,1
BRDA:188,1,1,3
DA:188,1
DA:190,3
DA:190,3
DA:190,3
DA:193,3
DA:193,3
DA:193,3
DA:194,3
DA:194,3
BRDA:194,2,0,1
BRDA:194,2,1,2
DA:194,1
DA:197,2
DA:197,2
DA:200,2
DA:200,2
DA:201,2
DA:201,2
FN:209,StakingManager.pause
FNDA:30028,StakingManager.pause
DA:210,10010
DA:210,10010
FN:216,StakingManager.unpause
FNDA:1,StakingManager.unpause
DA:217,1
DA:217,1
FN:224,StakingManager.renounceOwnership
FNDA:1,StakingManager.renounceOwnership
DA:225,1
DA:225,1
FN:239,StakingManager.setLockupExpirationDate
FNDA:20018,StakingManager.setLockupExpirationDate
DA:240,10009
DA:240,10009
DA:241,10009
DA:241,10009
FN:251,StakingManager.getUserHolding
FNDA:6,StakingManager.getUserHolding
DA:252,6
DA:252,6
DA:252,6
FNF:7
FNH:7
LF:20
LH:20
BRF:6
BRH:5
end_of_record
