TN:
SF:src/Holding.sol
FN:61,Holding.init
FNDA:20055,Holding.init
DA:62,20055
DA:62,20055
DA:62,20055
BRDA:62,0,0,1
BRDA:62,0,1,20054
DA:62,1
DA:63,20054
DA:63,20054
FN:76,Holding.unstake
FNDA:2,Holding.unstake
DA:77,2
DA:77,2
DA:78,2
DA:78,2
FN:92,Holding.genericCall
FNDA:10017,Holding.genericCall
DA:102,10017
DA:102,10017
FNF:3
FNH:3
LF:5
LH:5
BRF:2
BRH:2
end_of_record
TN:
SF:src/HoldingManager.sol
FN:91,HoldingManager.setInvocationAllowance
FNDA:20026,HoldingManager.setInvocationAllowance
DA:102,20026
DA:102,20026
DA:103,20026
DA:103,20026
DA:103,20026
BRDA:103,0,0,10009
BRDA:103,0,1,10017
DA:103,10009
DA:106,10017
DA:106,10017
DA:109,10017
DA:109,10017
DA:112,10017
DA:112,10017
FN:125,HoldingManager.createHolding
FNDA:20054,HoldingManager.createHolding
DA:127,20054
DA:127,20054
DA:129,20054
DA:129,20054
DA:132,20054
DA:132,20054
DA:135,20054
DA:135,20054
FN:146,HoldingManager.unstake
FNDA:2,HoldingManager.unstake
DA:155,2
DA:155,2
FN:177,HoldingManager.invokeHolding
FNDA:30035,HoldingManager.invokeHolding
DA:191,20026
DA:191,20026
BRDA:191,1,0,10009
BRDA:191,1,1,10017
DA:192,10009
DA:192,10009
DA:196,10017
DA:196,10017
DA:199,10017
DA:199,10017
FN:214,HoldingManager.setHoldingImplementationReference
FNDA:20019,HoldingManager.setHoldingImplementationReference
DA:219,10009
DA:219,10009
DA:220,10009
DA:220,10009
FN:227,HoldingManager.beginDefaultAdminTransfer
FNDA:10011,HoldingManager.beginDefaultAdminTransfer
DA:232,2
DA:232,2
DA:232,2
BRDA:232,2,0,1
BRDA:232,2,1,1
DA:232,1
DA:233,1
DA:233,1
FN:243,HoldingManager.getUserHolding
FNDA:85,HoldingManager.getUserHolding
DA:244,85
DA:244,85
FN:256,HoldingManager.getInvocationAllowance
FNDA:20018,HoldingManager.getInvocationAllowance
DA:266,20018
DA:266,20018
FNF:8
FNH:8
LF:20
LH:20
BRF:6
BRH:6
end_of_record
TN:
SF:src/JigsawPoints.sol
FN:41,JigsawPoints.mint
FNDA:30027,JigsawPoints.mint
DA:42,20018
DA:42,20018
FN:48,JigsawPoints.burnFrom
FNDA:20019,JigsawPoints.burnFrom
DA:49,10009
DA:49,10009
FN:55,JigsawPoints.beginDefaultAdminTransfer
FNDA:10011,JigsawPoints.beginDefaultAdminTransfer
DA:60,2
DA:60,2
DA:60,2
BRDA:60,0,0,1
BRDA:60,0,1,1
DA:60,1
DA:61,1
DA:61,1
FNF:3
FNH:3
LF:4
LH:4
BRF:2
BRH:2
end_of_record
TN:
SF:src/Staker.sol
FN:163,Staker.setRewardsDuration
FNDA:20020,Staker.setRewardsDuration
DA:164,10011
DA:164,10011
BRDA:164,0,0,1
BRDA:164,0,1,10010
DA:164,1
DA:165,10010
DA:165,10010
DA:166,10010
DA:166,10010
FN:173,Staker.addRewards
FNDA:120086,Staker.addRewards
DA:174,110076
DA:174,110076
DA:175,110076
DA:175,110076
BRDA:175,1,0,1
BRDA:175,1,1,110075
DA:175,1
DA:176,110075
DA:176,110075
BRDA:176,2,0,10003
BRDA:176,2,1,100072
DA:177,10003
DA:177,10003
DA:179,100072
DA:179,100072
DA:179,100072
DA:180,100072
DA:180,100072
DA:180,100072
DA:181,100072
DA:181,100072
DA:184,110075
DA:184,110075
BRDA:184,3,0,10006
BRDA:184,3,1,100069
DA:184,10006
DA:186,100069
DA:186,100069
DA:186,100069
DA:187,100069
DA:187,100069
BRDA:187,4,0,10004
BRDA:187,4,1,90065
DA:187,10004
DA:189,90065
DA:189,90065
DA:190,90065
DA:190,90065
DA:191,90065
DA:191,90065
FN:197,Staker.pause
FNDA:10011,Staker.pause
DA:198,2
DA:198,2
FN:204,Staker.unpause
FNDA:1,Staker.unpause
DA:205,1
DA:205,1
FN:213,Staker.totalSupply
FNDA:50032,Staker.totalSupply
DA:214,50032
DA:214,50032
FN:221,Staker.balanceOf
FNDA:40048,Staker.balanceOf
DA:222,40048
DA:222,40048
FN:228,Staker.lastTimeRewardApplicable
FNDA:1,Staker.lastTimeRewardApplicable
DA:229,440558
DA:229,440558
DA:229,440558
FN:235,Staker.rewardPerToken
FNDA:30020,Staker.rewardPerToken
DA:236,480527
DA:236,480527
BRDA:236,5,0,310242
BRDA:236,5,1,170285
DA:237,310242
DA:237,310242
DA:240,170285
DA:240,170285
DA:241,170285
DA:241,170285
FN:248,Staker.earned
FNDA:20039,Staker.earned
DA:249,180235
DA:249,180235
DA:250,180235
DA:250,180235
FN:256,Staker.getRewardForDuration
FNDA:10004,Staker.getRewardForDuration
DA:257,10004
DA:257,10004
DA:257,10004
FN:269,Staker.deposit
FNDA:90113,Staker.deposit
DA:281,90110
DA:281,90110
DA:281,90110
DA:282,90110
DA:282,90110
BRDA:282,6,0,1
BRDA:282,6,1,90109
DA:282,1
DA:284,90109
DA:284,90109
DA:285,90109
DA:285,90109
BRDA:285,7,0,1
BRDA:285,7,1,90108
DA:285,1
DA:287,90108
DA:287,90108
DA:288,90108
DA:288,90108
FN:298,Staker.withdraw
FNDA:10023,Staker.withdraw
DA:310,40046
DA:310,40046
DA:311,40046
DA:311,40046
DA:312,40046
DA:312,40046
FN:322,Staker.claimRewards
FNDA:15,Staker.claimRewards
DA:332,30038
DA:332,30038
DA:333,30038
DA:333,30038
BRDA:333,8,0,1
BRDA:333,8,1,30037
DA:333,1
DA:335,30037
DA:335,30037
DA:336,30037
DA:336,30037
DA:337,30037
DA:337,30037
FN:347,Staker.exit
FNDA:30026,Staker.exit
DA:348,30025
DA:348,30025
DA:350,30025
DA:350,30025
BRDA:350,9,0,30024
BRDA:350,9,1,30025
DA:351,30024
DA:351,30024
FN:359,Staker.renounceOwnership
FNDA:1,Staker.renounceOwnership
DA:360,1
DA:360,1
FNF:15
FNH:15
LF:46
LH:46
BRF:20
BRH:20
end_of_record
TN:
SF:src/StakingManager.sol
FN:155,StakingManager.stake
FNDA:42,StakingManager.stake
DA:157,42
DA:157,42
DA:157,42
DA:158,42
DA:158,42
DA:158,42
BRDA:158,0,0,-
BRDA:158,0,1,31
DA:158,31
DA:160,42
DA:160,42
DA:163,42
DA:163,42
DA:165,42
DA:165,42
DA:168,42
DA:168,42
DA:170,24
DA:170,24
FN:185,StakingManager.unstake
FNDA:4,StakingManager.unstake
DA:186,4
DA:186,4
BRDA:186,1,0,1
BRDA:186,1,1,3
DA:186,1
DA:188,3
DA:188,3
DA:188,3
DA:190,3
DA:190,3
DA:190,3
DA:191,3
DA:191,3
BRDA:191,2,0,1
BRDA:191,2,1,2
DA:191,1
DA:193,2
DA:193,2
DA:195,2
DA:195,2
DA:196,2
DA:196,2
FN:204,StakingManager.pause
FNDA:30028,StakingManager.pause
DA:205,10010
DA:205,10010
FN:211,StakingManager.unpause
FNDA:1,StakingManager.unpause
DA:212,1
DA:212,1
FN:219,StakingManager.renounceOwnership
FNDA:1,StakingManager.renounceOwnership
DA:220,1
DA:220,1
FN:234,StakingManager.setLockupExpirationDate
FNDA:20018,StakingManager.setLockupExpirationDate
DA:235,10009
DA:235,10009
DA:236,10009
DA:236,10009
FN:246,StakingManager.getUserHolding
FNDA:24,StakingManager.getUserHolding
DA:247,24
DA:247,24
DA:247,24
FNF:7
FNH:7
LF:20
LH:20
BRF:6
BRH:5
end_of_record
